# JRE version: Java(TM) SE Runtime Environment (8.0_25-b17) (build 1.8.0_25-b17)
# Java VM: Java HotSpot(TM) 64-Bit Server VM (25.25-b02 mixed mode linux-amd64 compressed oops)
Heap:
 PSYoungGen      total 106496K, used 23265K [0x00000000f5580000, 0x00000000ff500000, 0x0000000100000000)
  eden space 104448K, 21% used [0x00000000f5580000,0x00000000f6bf0790,0x00000000fbb80000)
  from space 2048K, 14% used [0x00000000ff100000,0x00000000ff148000,0x00000000ff300000)
  to   space 2048K, 0% used [0x00000000ff300000,0x00000000ff300000,0x00000000ff500000)
 ParOldGen       total 42496K, used 2052K [0x00000000e0000000, 0x00000000e2980000, 0x00000000f5580000)
  object space 42496K, 4% used [0x00000000e0000000,0x00000000e02012d0,0x00000000e2980000)
 Metaspace       used 6508K, capacity 6936K, committed 7296K, reserved 1056768K
  class space    used 480K, capacity 528K, committed 640K, reserved 1048576K
GC Heap History (10 events):
Event: 4.111 GC heap before
{Heap before GC invocations=17 (full 0):
 PSYoungGen      total 130048K, used 129760K [0x00000000f5580000, 0x00000000ff800000, 0x0000000100000000)
  eden space 129536K, 100% used [0x00000000f5580000,0x00000000fd400000,0x00000000fd400000)
  from space 512K, 43% used [0x00000000ff780000,0x00000000ff7b8000,0x00000000ff800000)
  to   space 2560K, 0% used [0x00000000ff300000,0x00000000ff300000,0x00000000ff580000)
 ParOldGen       total 42496K, used 1829K [0x00000000e0000000, 0x00000000e2980000, 0x00000000f5580000)
  object space 42496K, 4% used [0x00000000e0000000,0x00000000e01c9730,0x00000000e2980000)
 Metaspace       used 4681K, capacity 5084K, committed 5248K, reserved 1056768K
  class space    used 472K, capacity 528K, committed 640K, reserved 1048576K
Event: 4.112 GC heap after
Heap after GC invocations=17 (full 0):
 PSYoungGen      total 126464K, used 288K [0x00000000f5580000, 0x00000000ff800000, 0x0000000100000000)
  eden space 123904K, 0% used [0x00000000f5580000,0x00000000f5580000,0x00000000fce80000)
  from space 2560K, 11% used [0x00000000ff300000,0x00000000ff348000,0x00000000ff580000)
  to   space 2048K, 0% used [0x00000000ff600000,0x00000000ff600000,0x00000000ff800000)
 ParOldGen       total 42496K, used 1861K [0x00000000e0000000, 0x00000000e2980000, 0x00000000f5580000)
  object space 42496K, 4% used [0x00000000e0000000,0x00000000e01d1730,0x00000000e2980000)
 Metaspace       used 4681K, capacity 5084K, committed 5248K, reserved 1056768K
  class space    used 472K, capacity 528K, committed 640K, reserved 1048576K
}
Event: 4.531 GC heap before
{Heap before GC invocations=18 (full 0):
 PSYoungGen      total 126464K, used 124192K [0x00000000f5580000, 0x00000000ff800000, 0x0000000100000000)
  eden space 123904K, 100% used [0x00000000f5580000,0x00000000fce80000,0x00000000fce80000)
  from space 2560K, 11% used [0x00000000ff300000,0x00000000ff348000,0x00000000ff580000)
  to   space 2048K, 0% used [0x00000000ff600000,0x00000000ff600000,0x00000000ff800000)
 ParOldGen       total 42496K, used 1861K [0x00000000e0000000, 0x00000000e2980000, 0x00000000f5580000)
  object space 42496K, 4% used [0x00000000e0000000,0x00000000e01d1730,0x00000000e2980000)
 Metaspace       used 4681K, capacity 5084K, committed 5248K, reserved 1056768K
  class space    used 472K, capacity 528K, committed 640K, reserved 1048576K
Event: 4.532 GC heap after
Heap after GC invocations=18 (full 0):
 PSYoungGen      total 119296K, used 288K [0x00000000f5580000, 0x00000000ff680000, 0x0000000100000000)
  eden space 118784K, 0% used [0x00000000f5580000,0x00000000f5580000,0x00000000fc980000)
  from space 512K, 56% used [0x00000000ff600000,0x00000000ff648000,0x00000000ff680000)
  to   space 2048K, 0% used [0x00000000ff280000,0x00000000ff280000,0x00000000ff480000)
 ParOldGen       total 42496K, used 1909K [0x00000000e0000000, 0x00000000e2980000, 0x00000000f5580000)
  object space 42496K, 4% used [0x00000000e0000000,0x00000000e01dd740,0x00000000e2980000)
 Metaspace       used 4681K, capacity 5084K, committed 5248K, reserved 1056768K
  class space    used 472K, capacity 528K, committed 640K, reserved 1048576K
}
Event: 4.821 GC heap before
{Heap before GC invocations=19 (full 0):
 PSYoungGen      total 119296K, used 119072K [0x00000000f5580000, 0x00000000ff680000, 0x0000000100000000)
  eden space 118784K, 100% used [0x00000000f5580000,0x00000000fc980000,0x00000000fc980000)
  from space 512K, 56% used [0x00000000ff600000,0x00000000ff648000,0x00000000ff680000)
  to   space 2048K, 0% used [0x00000000ff280000,0x00000000ff280000,0x00000000ff480000)
 ParOldGen       total 42496K, used 1909K [0x00000000e0000000, 0x00000000e2980000, 0x00000000f5580000)
  object space 42496K, 4% used [0x00000000e0000000,0x00000000e01dd740,0x00000000e2980000)
 Metaspace       used 4681K, capacity 5084K, committed 5248K, reserved 1056768K
  class space    used 472K, capacity 528K, committed 640K, reserved 1048576K
Event: 4.821 GC heap after
Heap after GC invocations=19 (full 0):
 PSYoungGen      total 115712K, used 256K [0x00000000f5580000, 0x00000000ff680000, 0x0000000100000000)
  eden space 113664K, 0% used [0x00000000f5580000,0x00000000f5580000,0x00000000fc480000)
  from space 2048K, 12% used [0x00000000ff280000,0x00000000ff2c0000,0x00000000ff480000)
  to   space 2048K, 0% used [0x00000000ff480000,0x00000000ff480000,0x00000000ff680000)
 ParOldGen       total 42496K, used 1972K [0x00000000e0000000, 0x00000000e2980000, 0x00000000f5580000)
  object space 42496K, 4% used [0x00000000e0000000,0x00000000e01ed2d0,0x00000000e2980000)
 Metaspace       used 4681K, capacity 5084K, committed 5248K, reserved 1056768K
  class space    used 472K, capacity 528K, committed 640K, reserved 1048576K
}
Event: 5.044 GC heap before
{Heap before GC invocations=20 (full 0):
 PSYoungGen      total 115712K, used 113920K [0x00000000f5580000, 0x00000000ff680000, 0x0000000100000000)
  eden space 113664K, 100% used [0x00000000f5580000,0x00000000fc480000,0x00000000fc480000)
  from space 2048K, 12% used [0x00000000ff280000,0x00000000ff2c0000,0x00000000ff480000)
  to   space 2048K, 0% used [0x00000000ff480000,0x00000000ff480000,0x00000000ff680000)
 ParOldGen       total 42496K, used 1972K [0x00000000e0000000, 0x00000000e2980000, 0x00000000f5580000)
  object space 42496K, 4% used [0x00000000e0000000,0x00000000e01ed2d0,0x00000000e2980000)
 Metaspace       used 4681K, capacity 5084K, committed 5248K, reserved 1056768K
  class space    used 472K, capacity 528K, committed 640K, reserved 1048576K
Event: 5.045 GC heap after
Heap after GC invocations=20 (full 0):
 PSYoungGen      total 109568K, used 192K [0x00000000f5580000, 0x00000000ff500000, 0x0000000100000000)
  eden space 109056K, 0% used [0x00000000f5580000,0x00000000f5580000,0x00000000fc000000)
  from space 512K, 37% used [0x00000000ff480000,0x00000000ff4b0000,0x00000000ff500000)
  to   space 2048K, 0% used [0x00000000ff100000,0x00000000ff100000,0x00000000ff300000)
 ParOldGen       total 42496K, used 2012K [0x00000000e0000000, 0x00000000e2980000, 0x00000000f5580000)
  object space 42496K, 4% used [0x00000000e0000000,0x00000000e01f72d0,0x00000000e2980000)
 Metaspace       used 4681K, capacity 5084K, committed 5248K, reserved 1056768K
  class space    used 472K, capacity 528K, committed 640K, reserved 1048576K
}
Event: 5.289 GC heap before
{Heap before GC invocations=21 (full 0):
 PSYoungGen      total 109568K, used 109248K [0x00000000f5580000, 0x00000000ff500000, 0x0000000100000000)
  eden space 109056K, 100% used [0x00000000f5580000,0x00000000fc000000,0x00000000fc000000)
  from space 512K, 37% used [0x00000000ff480000,0x00000000ff4b0000,0x00000000ff500000)
  to   space 2048K, 0% used [0x00000000ff100000,0x00000000ff100000,0x00000000ff300000)
 ParOldGen       total 42496K, used 2012K [0x00000000e0000000, 0x00000000e2980000, 0x00000000f5580000)
  object space 42496K, 4% used [0x00000000e0000000,0x00000000e01f72d0,0x00000000e2980000)
 Metaspace       used 4681K, capacity 5084K, committed 5248K, reserved 1056768K
  class space    used 472K, capacity 528K, committed 640K, reserved 1048576K
Event: 5.290 GC heap after
Heap after GC invocations=21 (full 0):
 PSYoungGen      total 106496K, used 288K [0x00000000f5580000, 0x00000000ff500000, 0x0000000100000000)
  eden space 104448K, 0% used [0x00000000f5580000,0x00000000f5580000,0x00000000fbb80000)
  from space 2048K, 14% used [0x00000000ff100000,0x00000000ff148000,0x00000000ff300000)
  to   space 2048K, 0% used [0x00000000ff300000,0x00000000ff300000,0x00000000ff500000)
 ParOldGen       total 42496K, used 2052K [0x00000000e0000000, 0x00000000e2980000, 0x00000000f5580000)
  object space 42496K, 4% used [0x00000000e0000000,0x00000000e02012d0,0x00000000e2980000)
 Metaspace       used 4681K, capacity 5084K, committed 5248K, reserved 1056768K
  class space    used 472K, capacity 528K, committed 640K, reserved 1048576K
}

