# JRE version: Java(TM) SE Runtime Environment (8.0_45-b14) (build 1.8.0_45-b14)
# Java VM: Java HotSpot(TM) 64-Bit Server VM (25.45-b02 mixed mode linux-amd64 compressed oops)
Heap:
 PSYoungGen      total 132096K, used 5106K [0x00000000f5580000, 0x00000000fdb80000, 0x0000000100000000)
  eden space 126976K, 0% used [0x00000000f5580000,0x00000000f5580000,0x00000000fd180000)
  from space 5120K, 99% used [0x00000000fd180000,0x00000000fd67c840,0x00000000fd680000)
  to   space 5120K, 0% used [0x00000000fd680000,0x00000000fd680000,0x00000000fdb80000)
 ParOldGen       total 84992K, used 690K [0x00000000e0000000, 0x00000000e5300000, 0x00000000f5580000)
  object space 84992K, 0% used [0x00000000e0000000,0x00000000e00aca10,0x00000000e5300000)
 Metaspace       used 16841K, capacity 17002K, committed 17280K, reserved 1064960K
  class space    used 1982K, capacity 2059K, committed 2176K, reserved 1048576K
GC Heap History (9 events):
Event: 0.330 GC heap before
{Heap before GC invocations=1 (full 0):
 PSYoungGen      total 36864K, used 31744K [0x00000000f5580000, 0x00000000f7e80000, 0x0000000100000000)
  eden space 31744K, 100% used [0x00000000f5580000,0x00000000f7480000,0x00000000f7480000)
  from space 5120K, 0% used [0x00000000f7980000,0x00000000f7980000,0x00000000f7e80000)
  to   space 5120K, 0% used [0x00000000f7480000,0x00000000f7480000,0x00000000f7980000)
 ParOldGen       total 84992K, used 0K [0x00000000e0000000, 0x00000000e5300000, 0x00000000f5580000)
  object space 84992K, 0% used [0x00000000e0000000,0x00000000e0000000,0x00000000e5300000)
 Metaspace       used 4221K, capacity 4794K, committed 4864K, reserved 1056768K
  class space    used 454K, capacity 494K, committed 512K, reserved 1048576K
Event: 0.355 GC heap after
Heap after GC invocations=1 (full 0):
 PSYoungGen      total 36864K, used 960K [0x00000000f5580000, 0x00000000f9d80000, 0x0000000100000000)
  eden space 31744K, 0% used [0x00000000f5580000,0x00000000f5580000,0x00000000f7480000)
  from space 5120K, 18% used [0x00000000f7480000,0x00000000f7570020,0x00000000f7980000)
  to   space 5120K, 0% used [0x00000000f9880000,0x00000000f9880000,0x00000000f9d80000)
 ParOldGen       total 84992K, used 8K [0x00000000e0000000, 0x00000000e5300000, 0x00000000f5580000)
  object space 84992K, 0% used [0x00000000e0000000,0x00000000e0002000,0x00000000e5300000)
 Metaspace       used 4221K, capacity 4794K, committed 4864K, reserved 1056768K
  class space    used 454K, capacity 494K, committed 512K, reserved 1048576K
}
Event: 0.551 GC heap before
{Heap before GC invocations=2 (full 0):
 PSYoungGen      total 36864K, used 32704K [0x00000000f5580000, 0x00000000f9d80000, 0x0000000100000000)
  eden space 31744K, 100% used [0x00000000f5580000,0x00000000f7480000,0x00000000f7480000)
  from space 5120K, 18% used [0x00000000f7480000,0x00000000f7570020,0x00000000f7980000)
  to   space 5120K, 0% used [0x00000000f9880000,0x00000000f9880000,0x00000000f9d80000)
 ParOldGen       total 84992K, used 8K [0x00000000e0000000, 0x00000000e5300000, 0x00000000f5580000)
  object space 84992K, 0% used [0x00000000e0000000,0x00000000e0002000,0x00000000e5300000)
 Metaspace       used 4506K, capacity 4954K, committed 5248K, reserved 1056768K
  class space    used 481K, capacity 526K, committed 640K, reserved 1048576K
Event: 0.557 GC heap after
Heap after GC invocations=2 (full 0):
 PSYoungGen      total 68608K, used 1840K [0x00000000f5580000, 0x00000000f9d80000, 0x0000000100000000)
  eden space 63488K, 0% used [0x00000000f5580000,0x00000000f5580000,0x00000000f9380000)
  from space 5120K, 35% used [0x00000000f9880000,0x00000000f9a4c010,0x00000000f9d80000)
  to   space 5120K, 0% used [0x00000000f9380000,0x00000000f9380000,0x00000000f9880000)
 ParOldGen       total 84992K, used 16K [0x00000000e0000000, 0x00000000e5300000, 0x00000000f5580000)
  object space 84992K, 0% used [0x00000000e0000000,0x00000000e0004000,0x00000000e5300000)
 Metaspace       used 4506K, capacity 4954K, committed 5248K, reserved 1056768K
  class space    used 481K, capacity 526K, committed 640K, reserved 1048576K
}
Event: 8.443 GC heap before
{Heap before GC invocations=3 (full 0):
 PSYoungGen      total 68608K, used 65328K [0x00000000f5580000, 0x00000000f9d80000, 0x0000000100000000)
  eden space 63488K, 100% used [0x00000000f5580000,0x00000000f9380000,0x00000000f9380000)
  from space 5120K, 35% used [0x00000000f9880000,0x00000000f9a4c010,0x00000000f9d80000)
  to   space 5120K, 0% used [0x00000000f9380000,0x00000000f9380000,0x00000000f9880000)
 ParOldGen       total 84992K, used 16K [0x00000000e0000000, 0x00000000e5300000, 0x00000000f5580000)
  object space 84992K, 0% used [0x00000000e0000000,0x00000000e0004080,0x00000000e5300000)
 Metaspace       used 16542K, capacity 16746K, committed 17024K, reserved 1064960K
  class space    used 1980K, capacity 2059K, committed 2176K, reserved 1048576K
Event: 8.449 GC heap after
Heap after GC invocations=3 (full 0):
 PSYoungGen      total 68608K, used 5088K [0x00000000f5580000, 0x00000000fdb80000, 0x0000000100000000)
  eden space 63488K, 0% used [0x00000000f5580000,0x00000000f5580000,0x00000000f9380000)
  from space 5120K, 99% used [0x00000000f9380000,0x00000000f9878020,0x00000000f9880000)
  to   space 5120K, 0% used [0x00000000fd680000,0x00000000fd680000,0x00000000fdb80000)
 ParOldGen       total 84992K, used 520K [0x00000000e0000000, 0x00000000e5300000, 0x00000000f5580000)
  object space 84992K, 0% used [0x00000000e0000000,0x00000000e0082378,0x00000000e5300000)
 Metaspace       used 16542K, capacity 16746K, committed 17024K, reserved 1064960K
  class space    used 1980K, capacity 2059K, committed 2176K, reserved 1048576K
}
Event: 9.191 GC heap before
{Heap before GC invocations=4 (full 0):
 PSYoungGen      total 68608K, used 68576K [0x00000000f5580000, 0x00000000fdb80000, 0x0000000100000000)
  eden space 63488K, 100% used [0x00000000f5580000,0x00000000f9380000,0x00000000f9380000)
  from space 5120K, 99% used [0x00000000f9380000,0x00000000f9878020,0x00000000f9880000)
  to   space 5120K, 0% used [0x00000000fd680000,0x00000000fd680000,0x00000000fdb80000)
 ParOldGen       total 84992K, used 522K [0x00000000e0000000, 0x00000000e5300000, 0x00000000f5580000)
  object space 84992K, 0% used [0x00000000e0000000,0x00000000e0082b28,0x00000000e5300000)
 Metaspace       used 16724K, capacity 16938K, committed 17280K, reserved 1064960K
  class space    used 1981K, capacity 2059K, committed 2176K, reserved 1048576K
Event: 9.198 GC heap after
Heap after GC invocations=4 (full 0):
 PSYoungGen      total 132096K, used 5106K [0x00000000f5580000, 0x00000000fdb80000, 0x0000000100000000)
  eden space 126976K, 0% used [0x00000000f5580000,0x00000000f5580000,0x00000000fd180000)
  from space 5120K, 99% used [0x00000000fd680000,0x00000000fdb7c820,0x00000000fdb80000)
  to   space 5120K, 0% used [0x00000000fd180000,0x00000000fd180000,0x00000000fd680000)
 ParOldGen       total 84992K, used 559K [0x00000000e0000000, 0x00000000e5300000, 0x00000000f5580000)
  object space 84992K, 0% used [0x00000000e0000000,0x00000000e008bd38,0x00000000e5300000)
 Metaspace       used 16724K, capacity 16938K, committed 17280K, reserved 1064960K
  class space    used 1981K, capacity 2059K, committed 2176K, reserved 1048576K
}
Event: 10.410 GC heap before
{Heap before GC invocations=5 (full 0):
 PSYoungGen      total 132096K, used 132082K [0x00000000f5580000, 0x00000000fdb80000, 0x0000000100000000)
  eden space 126976K, 100% used [0x00000000f5580000,0x00000000fd180000,0x00000000fd180000)
  from space 5120K, 99% used [0x00000000fd680000,0x00000000fdb7c820,0x00000000fdb80000)
  to   space 5120K, 0% used [0x00000000fd180000,0x00000000fd180000,0x00000000fd680000)
 ParOldGen       total 84992K, used 562K [0x00000000e0000000, 0x00000000e5300000, 0x00000000f5580000)
  object space 84992K, 0% used [0x00000000e0000000,0x00000000e008ca10,0x00000000e5300000)
 Metaspace       used 16841K, capacity 17002K, committed 17280K, reserved 1064960K
  class space    used 1982K, capacity 2059K, committed 2176K, reserved 1048576K

